Using pre-set license
Built from '2020.2/release' branch; Version is '2020.2.2f1 (068178b99f32) revision 426360'; Using compiler version '192528614'; Build Type 'Release'
OS: 'Windows 10 Home; OS build 19041.746; Version 2004; 64bit' Language: 'en' Physical Memory: 16320 MB
BatchMode: 1, IsHumanControllingUs: 0, StartBugReporterOnCrash: 0, Is64bit: 1, IsPro: 0

 COMMAND LINE ARGUMENTS:
C:\Program Files\Unity\Hub\Editor\2020.2.2f1\Editor\Unity.exe
-adb2
-batchMode
-noUpm
-name
AssetImportWorker0
-projectPath
D:/GGJ2021/GGJ2021-VanGorps-/UnityProject/2D/2D-GGJ2021
-logFile
Logs/AssetImportWorker0.log
-srvPort
56292
Successfully changed project path to: D:/GGJ2021/GGJ2021-VanGorps-/UnityProject/2D/2D-GGJ2021
D:/GGJ2021/GGJ2021-VanGorps-/UnityProject/2D/2D-GGJ2021
Using Asset Import Pipeline V2.
Refreshing native plugins compatible for Editor in 26.45 ms, found 1 plugins.
Preloading 0 native plugins for Editor in 0.00 ms.
Initialize engine version: 2020.2.2f1 (068178b99f32)
[Subsystems] Discovering subsystems at path C:/Program Files/Unity/Hub/Editor/2020.2.2f1/Editor/Data/Resources/UnitySubsystems
[Subsystems] Discovering subsystems at path D:/GGJ2021/GGJ2021-VanGorps-/UnityProject/2D/2D-GGJ2021/Assets
GfxDevice: creating device client; threaded=0
Direct3D:
    Version:  Direct3D 11.0 [level 11.1]
    Renderer: NVIDIA GeForce RTX 2070 (ID=0x1f02)
    Vendor:   
    VRAM:     8031 MB
    Driver:   27.21.14.5671
Initialize mono
Mono path[0] = 'C:/Program Files/Unity/Hub/Editor/2020.2.2f1/Editor/Data/Managed'
Mono path[1] = 'C:/Program Files/Unity/Hub/Editor/2020.2.2f1/Editor/Data/MonoBleedingEdge/lib/mono/unityjit'
Mono config path = 'C:/Program Files/Unity/Hub/Editor/2020.2.2f1/Editor/Data/MonoBleedingEdge/etc'
Using monoOptions --debugger-agent=transport=dt_socket,embedding=1,server=y,suspend=n,address=127.0.0.1:56108
Begin MonoManager ReloadAssembly
Registering precompiled unity dll's ...
Register platform support module: C:/Program Files/Unity/Hub/Editor/2020.2.2f1/Editor/Data/PlaybackEngines/WindowsStandaloneSupport/UnityEditor.WindowsStandalone.Extensions.dll
Registered in 0.001714 seconds.
Native extension for WindowsStandalone target not found
Refreshing native plugins compatible for Editor in 27.69 ms, found 1 plugins.
Preloading 0 native plugins for Editor in 0.00 ms.
Invoked RoslynAnalysisRunner static constructor.
RoslynAnalysisRunner will not be running.
RoslynAnalysisRunner has terminated.
Mono: successfully reloaded assembly
- Completed reload, in  0.744 seconds
Platform modules already initialized, skipping
Registering precompiled user dll's ...
Registered in 0.000528 seconds.
Begin MonoManager ReloadAssembly
Native extension for WindowsStandalone target not found
Refreshing native plugins compatible for Editor in 26.85 ms, found 1 plugins.
Preloading 0 native plugins for Editor in 0.00 ms.
Invoked RoslynAnalysisRunner static constructor.
RoslynAnalysisRunner will not be running.
RoslynAnalysisRunner has terminated.
Mono: successfully reloaded assembly
- Completed reload, in  0.654 seconds
Platform modules already initialized, skipping
========================================================================
Worker process is ready to serve import requests
Launched and connected shader compiler UnityShaderCompiler.exe after 0.03 seconds
Refreshing native plugins compatible for Editor in 0.25 ms, found 1 plugins.
Preloading 0 native plugins for Editor in 0.00 ms.
Unloading 1803 Unused Serialized files (Serialized files now loaded: 0)
System memory in use before: 84.7 MB.
System memory in use after: 84.7 MB.

Unloading 24 unused Assets to reduce memory usage. Loaded Objects now: 2245.
Total: 1.503600 ms (FindLiveObjects: 0.152000 ms CreateObjectMapping: 0.054600 ms MarkObjects: 1.203000 ms  DeleteObjects: 0.092000 ms)

========================================================================
Received Import Request.
  path: Assets/Scenes/main menu.unity
  artifactKey: Guid(2c017a26115b9654fb29d976d79fb1b3) Importer(815301076,1909f56bfc062723c751e8b465ee728b)
Start importing Assets/Scenes/main menu.unity using Guid(2c017a26115b9654fb29d976d79fb1b3) Importer(815301076,1909f56bfc062723c751e8b465ee728b)  -> (artifact id: 'd052784ac832687ff57dc0dd2df9cd9c') in 0.011119 seconds
  Import took 0.013224 seconds .

========================================================================
Received Import Request.
  Time since last request: 94.872744 seconds.
  path: Assets/Scenes/Level-3.unity
  artifactKey: Guid(a3632a25bb8fa8946a544ba60fd8076f) Importer(815301076,1909f56bfc062723c751e8b465ee728b)
Start importing Assets/Scenes/Level-3.unity using Guid(a3632a25bb8fa8946a544ba60fd8076f) Importer(815301076,1909f56bfc062723c751e8b465ee728b)  -> (artifact id: '94546032fc1d6cdbb113f83061a6fe87') in 0.001646 seconds
  Import took 0.003732 seconds .

========================================================================
Received Import Request.
  Time since last request: 0.000244 seconds.
  path: Assets/Scenes/Level-3.unity
  artifactKey: Guid(a3632a25bb8fa8946a544ba60fd8076f) Importer(815301076,1909f56bfc062723c751e8b465ee728b)
Start importing Assets/Scenes/Level-3.unity using Guid(a3632a25bb8fa8946a544ba60fd8076f) Importer(815301076,1909f56bfc062723c751e8b465ee728b)  -> (artifact id: '94546032fc1d6cdbb113f83061a6fe87') in 0.001422 seconds
  Import took 0.003321 seconds .

========================================================================
Received Import Request.
  Time since last request: 20.102169 seconds.
  path: Assets/Assets/end screen.png
  artifactKey: Guid(60782136a9a72ec408fd9857a5095285) Importer(815301076,1909f56bfc062723c751e8b465ee728b)
Start importing Assets/Assets/end screen.png using Guid(60782136a9a72ec408fd9857a5095285) Importer(815301076,1909f56bfc062723c751e8b465ee728b)  -> (artifact id: '9223cfde3b866d69d2745ed6f0f956aa') in 0.082189 seconds
  Import took 0.084236 seconds .

========================================================================
Received Import Request.
  Time since last request: 1.495203 seconds.
  path: Assets/Assets/character/PlayerAni.prefab
  artifactKey: Guid(4353db04267ec05488f3b819d1fd296a) Importer(815301076,1909f56bfc062723c751e8b465ee728b)
Start importing Assets/Assets/character/PlayerAni.prefab using Guid(4353db04267ec05488f3b819d1fd296a) Importer(815301076,1909f56bfc062723c751e8b465ee728b)  -> (artifact id: '281ed4ea335e477c0534af3e7552e298') in 0.035648 seconds
  Import took 0.037910 seconds .

========================================================================
Received Prepare
Registering precompiled user dll's ...
Registered in 0.000536 seconds.
Begin MonoManager ReloadAssembly
Native extension for WindowsStandalone target not found
Refreshing native plugins compatible for Editor in 0.27 ms, found 1 plugins.
Preloading 0 native plugins for Editor in 0.00 ms.
Invoked RoslynAnalysisRunner static constructor.
RoslynAnalysisRunner will not be running.
RoslynAnalysisRunner has terminated.
Mono: successfully reloaded assembly
- Completed reload, in  0.602 seconds
Platform modules already initialized, skipping
Refreshing native plugins compatible for Editor in 0.26 ms, found 1 plugins.
Preloading 0 native plugins for Editor in 0.00 ms.
Unloading 1798 Unused Serialized files (Serialized files now loaded: 0)
System memory in use before: 88.0 MB.
System memory in use after: 88.0 MB.

Unloading 12 unused Assets to reduce memory usage. Loaded Objects now: 2258.
Total: 1.596200 ms (FindLiveObjects: 0.157500 ms CreateObjectMapping: 0.056800 ms MarkObjects: 1.292600 ms  DeleteObjects: 0.088400 ms)

========================================================================
Received Import Request.
  Time since last request: 61.044244 seconds.
  path: Assets/Scenes/Level-2.unity
  artifactKey: Guid(a93765929b698f041ae2f49b1a60bba2) Importer(815301076,1909f56bfc062723c751e8b465ee728b)
Start importing Assets/Scenes/Level-2.unity using Guid(a93765929b698f041ae2f49b1a60bba2) Importer(815301076,1909f56bfc062723c751e8b465ee728b)  -> (artifact id: '68557388dc67626e76bdb1117b6ae112') in 0.010572 seconds
  Import took 0.012981 seconds .

========================================================================
Received Prepare
Registering precompiled user dll's ...
Registered in 0.000533 seconds.
Begin MonoManager ReloadAssembly
Native extension for WindowsStandalone target not found
Refreshing native plugins compatible for Editor in 0.27 ms, found 1 plugins.
Preloading 0 native plugins for Editor in 0.00 ms.
Invoked RoslynAnalysisRunner static constructor.
RoslynAnalysisRunner will not be running.
RoslynAnalysisRunner has terminated.
Mono: successfully reloaded assembly
- Completed reload, in  0.599 seconds
Platform modules already initialized, skipping
Refreshing native plugins compatible for Editor in 0.27 ms, found 1 plugins.
Preloading 0 native plugins for Editor in 0.00 ms.
Unloading 1798 Unused Serialized files (Serialized files now loaded: 0)
System memory in use before: 88.2 MB.
System memory in use after: 88.2 MB.

Unloading 12 unused Assets to reduce memory usage. Loaded Objects now: 2261.
Total: 1.579900 ms (FindLiveObjects: 0.176200 ms CreateObjectMapping: 0.059800 ms MarkObjects: 1.263700 ms  DeleteObjects: 0.079100 ms)

========================================================================
Received Import Request.
  Time since last request: 111.743778 seconds.
  path: Assets/Scenes/endScreen.unity
  artifactKey: Guid(412edd627ee244c4b9db43a7096694a9) Importer(815301076,1909f56bfc062723c751e8b465ee728b)
Start importing Assets/Scenes/endScreen.unity using Guid(412edd627ee244c4b9db43a7096694a9) Importer(815301076,1909f56bfc062723c751e8b465ee728b)  -> (artifact id: '0953e90dbbd3b82f6392a028ad4f1a54') in 0.011265 seconds
  Import took 0.013607 seconds .

========================================================================
Received Prepare
Registering precompiled user dll's ...
Registered in 0.000536 seconds.
Begin MonoManager ReloadAssembly
Native extension for WindowsStandalone target not found
Refreshing native plugins compatible for Editor in 0.40 ms, found 1 plugins.
Preloading 0 native plugins for Editor in 0.00 ms.
Invoked RoslynAnalysisRunner static constructor.
RoslynAnalysisRunner will not be running.
RoslynAnalysisRunner has terminated.
Mono: successfully reloaded assembly
- Completed reload, in  0.600 seconds
Platform modules already initialized, skipping
Refreshing native plugins compatible for Editor in 0.28 ms, found 1 plugins.
Preloading 0 native plugins for Editor in 0.00 ms.
Unloading 1798 Unused Serialized files (Serialized files now loaded: 0)
System memory in use before: 88.4 MB.
System memory in use after: 88.4 MB.

Unloading 12 unused Assets to reduce memory usage. Loaded Objects now: 2264.
Total: 1.445200 ms (FindLiveObjects: 0.180300 ms CreateObjectMapping: 0.050600 ms MarkObjects: 1.134300 ms  DeleteObjects: 0.079000 ms)

========================================================================
Received Prepare
Registering precompiled user dll's ...
Registered in 0.000567 seconds.
Begin MonoManager ReloadAssembly
Native extension for WindowsStandalone target not found
Refreshing native plugins compatible for Editor in 0.26 ms, found 1 plugins.
Preloading 0 native plugins for Editor in 0.00 ms.
Invoked RoslynAnalysisRunner static constructor.
RoslynAnalysisRunner will not be running.
RoslynAnalysisRunner has terminated.
Mono: successfully reloaded assembly
- Completed reload, in  0.589 seconds
Platform modules already initialized, skipping
Refreshing native plugins compatible for Editor in 0.30 ms, found 1 plugins.
Preloading 0 native plugins for Editor in 0.00 ms.
Unloading 1798 Unused Serialized files (Serialized files now loaded: 0)
System memory in use before: 88.5 MB.
System memory in use after: 88.5 MB.

Unloading 12 unused Assets to reduce memory usage. Loaded Objects now: 2267.
Total: 1.403700 ms (FindLiveObjects: 0.137200 ms CreateObjectMapping: 0.047400 ms MarkObjects: 1.142600 ms  DeleteObjects: 0.075300 ms)

AssetImportWorkerClient::OnTransportError - code=2 error=End of file
