Using pre-set license
Built from '2020.2/release' branch; Version is '2020.2.2f1 (068178b99f32) revision 426360'; Using compiler version '192528614'; Build Type 'Release'
OS: 'Windows 10 Pro; OS build 18363.1316; Version 1909; 64bit' Language: 'en' Physical Memory: 16313 MB
BatchMode: 1, IsHumanControllingUs: 0, StartBugReporterOnCrash: 0, Is64bit: 1, IsPro: 0

 COMMAND LINE ARGUMENTS:
C:\Program Files\2020.2.2f1\Editor\Unity.exe
-adb2
-batchMode
-noUpm
-name
AssetImportWorker0
-projectPath
D:/Liam/Documents/GitHub/GGJ2021-VanGorps-
-logFile
Logs/AssetImportWorker0.log
-srvPort
53286
Successfully changed project path to: D:/Liam/Documents/GitHub/GGJ2021-VanGorps-
D:/Liam/Documents/GitHub/GGJ2021-VanGorps-
Using Asset Import Pipeline V2.
Refreshing native plugins compatible for Editor in 25.38 ms, found 0 plugins.
Preloading 0 native plugins for Editor in 0.00 ms.
Initialize engine version: 2020.2.2f1 (068178b99f32)
[Subsystems] Discovering subsystems at path C:/Program Files/2020.2.2f1/Editor/Data/Resources/UnitySubsystems
[Subsystems] Discovering subsystems at path D:/Liam/Documents/GitHub/GGJ2021-VanGorps-/Assets
GfxDevice: creating device client; threaded=0
Direct3D:
    Version:  Direct3D 11.0 [level 11.1]
    Renderer: NVIDIA GeForce RTX 2060 SUPER (ID=0x1f06)
    Vendor:   
    VRAM:     8031 MB
    Driver:   27.21.14.6140
Initialize mono
Mono path[0] = 'C:/Program Files/2020.2.2f1/Editor/Data/Managed'
Mono path[1] = 'C:/Program Files/2020.2.2f1/Editor/Data/MonoBleedingEdge/lib/mono/unityjit'
Mono config path = 'C:/Program Files/2020.2.2f1/Editor/Data/MonoBleedingEdge/etc'
Using monoOptions --debugger-agent=transport=dt_socket,embedding=1,server=y,suspend=n,address=127.0.0.1:56856
Begin MonoManager ReloadAssembly
Registering precompiled unity dll's ...
Register platform support module: C:/Program Files/2020.2.2f1/Editor/Data/PlaybackEngines/WindowsStandaloneSupport/UnityEditor.WindowsStandalone.Extensions.dll
Registered in 0.001457 seconds.
Native extension for WindowsStandalone target not found
Refreshing native plugins compatible for Editor in 22.55 ms, found 0 plugins.
Preloading 0 native plugins for Editor in 0.00 ms.
Invoked RoslynAnalysisRunner static constructor.
RoslynAnalysisRunner will not be running.
RoslynAnalysisRunner has terminated.
Mono: successfully reloaded assembly
- Completed reload, in  0.930 seconds
Platform modules already initialized, skipping
Registering precompiled user dll's ...
Registered in 0.000735 seconds.
Begin MonoManager ReloadAssembly
Native extension for WindowsStandalone target not found
Refreshing native plugins compatible for Editor in 0.20 ms, found 0 plugins.
Preloading 0 native plugins for Editor in 0.00 ms.
Invoked RoslynAnalysisRunner static constructor.
RoslynAnalysisRunner will not be running.
RoslynAnalysisRunner has terminated.
Mono: successfully reloaded assembly
- Completed reload, in  0.840 seconds
Platform modules already initialized, skipping
========================================================================
Worker process is ready to serve import requests
Launched and connected shader compiler UnityShaderCompiler.exe after 0.04 seconds
Refreshing native plugins compatible for Editor in 0.20 ms, found 0 plugins.
Preloading 0 native plugins for Editor in 0.00 ms.
Unloading 1099 Unused Serialized files (Serialized files now loaded: 0)
System memory in use before: 56.5 MB.
System memory in use after: 56.6 MB.

Unloading 9 unused Assets to reduce memory usage. Loaded Objects now: 1541.
Total: 1.448300 ms (FindLiveObjects: 0.103600 ms CreateObjectMapping: 0.028900 ms MarkObjects: 1.262200 ms  DeleteObjects: 0.053100 ms)

========================================================================
Received Import Request.
  path: Assets/E.png
  artifactKey: Guid(0434c4392e3a4d9459c1655b879c9797) Importer(815301076,1909f56bfc062723c751e8b465ee728b)
Start importing Assets/E.png using Guid(0434c4392e3a4d9459c1655b879c9797) Importer(815301076,1909f56bfc062723c751e8b465ee728b)  -> (artifact id: '84cbc79597c4dd074d2008ef96cba779') in 0.078551 seconds
  Import took 0.080206 seconds .

========================================================================
Received Import Request.
  Time since last request: 0.000140 seconds.
  path: Assets/SpriteTiles.png
  artifactKey: Guid(d2499162645740c47949f759e2dc4c7f) Importer(815301076,1909f56bfc062723c751e8b465ee728b)
Start importing Assets/SpriteTiles.png using Guid(d2499162645740c47949f759e2dc4c7f) Importer(815301076,1909f56bfc062723c751e8b465ee728b)  -> (artifact id: '1818103d29f62887b3c4034d49fffd60') in 0.022621 seconds
  Import took 0.024453 seconds .

========================================================================
Received Import Request.
  Time since last request: 0.000123 seconds.
  path: Assets/TitleMapV2.png
  artifactKey: Guid(3ed330f01ca44884794289e921aaa123) Importer(815301076,1909f56bfc062723c751e8b465ee728b)
Start importing Assets/TitleMapV2.png using Guid(3ed330f01ca44884794289e921aaa123) Importer(815301076,1909f56bfc062723c751e8b465ee728b)  -> (artifact id: '1b71ed5e54d9b5c18330958fa82a291b') in 0.019167 seconds
  Import took 0.020582 seconds .

========================================================================
Received Import Request.
  Time since last request: 0.000115 seconds.
  path: Assets/SandTile.png
  artifactKey: Guid(08ff353a9f8d06047bf05891ee5cf681) Importer(815301076,1909f56bfc062723c751e8b465ee728b)
Start importing Assets/SandTile.png using Guid(08ff353a9f8d06047bf05891ee5cf681) Importer(815301076,1909f56bfc062723c751e8b465ee728b)  -> (artifact id: '953b2e2cd2cab053e375b00f178f0a6d') in 0.015015 seconds
  Import took 0.016323 seconds .

========================================================================
Received Import Request.
  Time since last request: 0.000116 seconds.
  path: Assets/SpriteTilesV2.png
  artifactKey: Guid(ea58f3a33324a45419143ec6da35d5fd) Importer(815301076,1909f56bfc062723c751e8b465ee728b)
Start importing Assets/SpriteTilesV2.png using Guid(ea58f3a33324a45419143ec6da35d5fd) Importer(815301076,1909f56bfc062723c751e8b465ee728b)  -> (artifact id: 'e65b0425471741730fd9e8aca8b1a01d') in 0.016788 seconds
  Import took 0.018208 seconds .

========================================================================
Received Import Request.
  Time since last request: 0.000104 seconds.
  path: Assets/TitleMapV3.png
  artifactKey: Guid(ef74c7229db22584aa4200db50a36493) Importer(815301076,1909f56bfc062723c751e8b465ee728b)
Start importing Assets/TitleMapV3.png using Guid(ef74c7229db22584aa4200db50a36493) Importer(815301076,1909f56bfc062723c751e8b465ee728b)  -> (artifact id: '59998f79db36dd77529c97b472d87003') in 0.014347 seconds
  Import took 0.015753 seconds .

========================================================================
Received Import Request.
  Time since last request: 0.000112 seconds.
  path: Assets/Q.png
  artifactKey: Guid(164646cc35b5d11469a16fdf370faba7) Importer(815301076,1909f56bfc062723c751e8b465ee728b)
Start importing Assets/Q.png using Guid(164646cc35b5d11469a16fdf370faba7) Importer(815301076,1909f56bfc062723c751e8b465ee728b)  -> (artifact id: '84213fd221ed8ac46acbc20f1ecc6cf3') in 0.019406 seconds
  Import took 0.020862 seconds .

========================================================================
Received Import Request.
  Time since last request: 0.000115 seconds.
  path: Assets/TitleMap.png
  artifactKey: Guid(8aa354297f914e14f95bfed88ea8150d) Importer(815301076,1909f56bfc062723c751e8b465ee728b)
Start importing Assets/TitleMap.png using Guid(8aa354297f914e14f95bfed88ea8150d) Importer(815301076,1909f56bfc062723c751e8b465ee728b)  -> (artifact id: '2f815d8490d2fa07351c9bdaf93c2554') in 0.017838 seconds
  Import took 0.019204 seconds .

========================================================================
Received Import Request.
  Time since last request: 0.000108 seconds.
  path: Assets/W.png
  artifactKey: Guid(86e3cd1f2841f76408fdc71e2d099f2b) Importer(815301076,1909f56bfc062723c751e8b465ee728b)
Start importing Assets/W.png using Guid(86e3cd1f2841f76408fdc71e2d099f2b) Importer(815301076,1909f56bfc062723c751e8b465ee728b)  -> (artifact id: 'c16d0c60fe1b62199db5b1025a204093') in 0.019572 seconds
  Import took 0.020939 seconds .

========================================================================
Received Import Request.
  Time since last request: 146.413107 seconds.
  path: Packages/com.unity.ugui
  artifactKey: Guid(8f7652e09069a1943278893d4264401e) Importer(815301076,1909f56bfc062723c751e8b465ee728b)
Start importing Packages/com.unity.ugui using Guid(8f7652e09069a1943278893d4264401e) Importer(815301076,1909f56bfc062723c751e8b465ee728b)  -> (artifact id: '28526d9a24359b085e879b57aa4e1257') in 0.007854 seconds
  Import took 0.009546 seconds .

========================================================================
Received Import Request.
  Time since last request: 0.448602 seconds.
  path: Packages/com.unity.ugui/package.json
  artifactKey: Guid(319b8889f363f5947acf209c17a94149) Importer(815301076,1909f56bfc062723c751e8b465ee728b)
Start importing Packages/com.unity.ugui/package.json using Guid(319b8889f363f5947acf209c17a94149) Importer(815301076,1909f56bfc062723c751e8b465ee728b)  -> (artifact id: '2fc64036ad5d57fb88727d9272b78daf') in 0.011841 seconds
  Import took 0.013691 seconds .

========================================================================
Received Import Request.
  Time since last request: 2.257486 seconds.
  path: Packages/com.unity.collab-proxy
  artifactKey: Guid(1adad61bfb44214ee3e887b5febc4396) Importer(815301076,1909f56bfc062723c751e8b465ee728b)
Start importing Packages/com.unity.collab-proxy using Guid(1adad61bfb44214ee3e887b5febc4396) Importer(815301076,1909f56bfc062723c751e8b465ee728b)  -> (artifact id: '58452d6faf1eb3abfa45f4a8710d6cb7') in 0.006510 seconds
  Import took 0.008004 seconds .

========================================================================
Received Import Request.
  Time since last request: 0.116985 seconds.
  path: Packages/com.unity.collab-proxy/package.json
  artifactKey: Guid(743fda8c4b219c8429fb5a77ede1c879) Importer(815301076,1909f56bfc062723c751e8b465ee728b)
Start importing Packages/com.unity.collab-proxy/package.json using Guid(743fda8c4b219c8429fb5a77ede1c879) Importer(815301076,1909f56bfc062723c751e8b465ee728b)  -> (artifact id: 'b76225e1d05c6196c9b192dc59beccd3') in 0.004532 seconds
  Import took 0.006312 seconds .

AssetImportWorkerClient::OnTransportError - code=2 error=End of file
